<?xml version="1.0" encoding="UTF-8"?>
<!-- Generated by org.testng.reporters.JUnitReportReporter -->
<testsuite skipped="0" hostname="DESKTOP-PV5T3HC" name="com.studentapp.tests.UpdateStudentPojoPayloadTest" tests="1" failures="0" timestamp="05 May 2021 15:44:32 GMT" time="2.328" errors="0">
  <testcase name="updateStudent" time="2.328" classname="com.studentapp.tests.UpdateStudentPojoPayloadTest"/>
</testsuite> <!-- com.studentapp.tests.UpdateStudentPojoPayloadTest -->
