<?xml version="1.0" encoding="UTF-8"?>
<!-- Generated by org.testng.reporters.JUnitReportReporter -->
<testsuite skipped="2" hostname="DESKTOP-PV5T3HC" name="com.studentapp.tests.MyFirstTest" tests="3" failures="0" timestamp="14 Jul 2021 13:51:18 GMT" time="3.453" errors="0">
  <testcase name="getTheFirstStudent" time="3.453" classname="com.studentapp.tests.MyFirstTest"/>
  <testcase name="getSingleCSStudent" classname="com.studentapp.tests.MyFirstTest">
    <skipped/>
  </testcase> <!-- getSingleCSStudent -->
  <testcase name="getAllStudents" classname="com.studentapp.tests.MyFirstTest">
    <skipped/>
  </testcase> <!-- getAllStudents -->
</testsuite> <!-- com.studentapp.tests.MyFirstTest -->
