<?xml version="1.0" encoding="UTF-8"?>
<!-- Generated by org.testng.reporters.JUnitReportReporter -->
<testsuite skipped="0" hostname="DESKTOP-PV5T3HC" name="com.studentapp.tests.CreateStudentPojoPayloadTest" tests="1" failures="0" timestamp="17 Jun 2021 10:50:45 GMT" time="3.036" errors="0">
  <testcase name="createNewStudentwithPojo" time="3.036" classname="com.studentapp.tests.CreateStudentPojoPayloadTest"/>
</testsuite> <!-- com.studentapp.tests.CreateStudentPojoPayloadTest -->
