<?xml version="1.0" encoding="UTF-8"?>
<!-- Generated by org.testng.reporters.JUnitReportReporter -->
<testsuite skipped="0" hostname="DESKTOP-PV5T3HC" name="com.studentapp.tests.CreateStudentPojoPayloadTest" tests="1" failures="0" timestamp="05 May 2021 16:08:05 GMT" time="2.704" errors="0">
  <testcase name="createNewStudentwithPojo" time="2.704" classname="com.studentapp.tests.CreateStudentPojoPayloadTest"/>
</testsuite> <!-- com.studentapp.tests.CreateStudentPojoPayloadTest -->
