<?xml version="1.0" encoding="UTF-8"?>
<!-- Generated by org.testng.reporters.JUnitReportReporter -->
<testsuite skipped="0" hostname="DESKTOP-PV5T3HC" name="com.studentapp.tests.DeleteStudentTest" tests="1" failures="0" timestamp="05 May 2021 16:09:03 GMT" time="2.181" errors="0">
  <testcase name="deleteStudent" time="2.181" classname="com.studentapp.tests.DeleteStudentTest"/>
</testsuite> <!-- com.studentapp.tests.DeleteStudentTest -->
